{"/Users/erz/code/marcelerz/broccoli-istanbul/index.js":{"path":"/Users/erz/code/marcelerz/broccoli-istanbul/index.js","s":{"1":1},"b":{},"f":{},"fnMap":{},"statementMap":{"1":{"start":{"line":1,"column":0},"end":{"line":1,"column":43}}},"branchMap":{}},"/Users/erz/code/marcelerz/broccoli-istanbul/lib/compiler.js":{"path":"/Users/erz/code/marcelerz/broccoli-istanbul/lib/compiler.js","s":{"1":1,"2":1,"3":1,"4":1,"5":1,"6":1,"7":1,"8":1,"9":1,"10":4,"11":2,"12":2,"13":2,"14":2,"15":2,"16":1,"17":2,"18":2,"19":2,"20":2,"21":2,"22":2,"23":2,"24":2,"25":2,"26":2,"27":2,"28":2,"29":1},"b":{"1":[2,2],"2":[2,1],"3":[2,1]},"f":{"1":4,"2":2,"3":2,"4":2,"5":2},"fnMap":{"1":{"name":"IstanbulCompiler","line":11,"loc":{"start":{"line":11,"column":0},"end":{"line":11,"column":72}}},"2":{"name":"(anonymous_2)","line":24,"loc":{"start":{"line":24,"column":41},"end":{"line":24,"column":74}}},"3":{"name":"(anonymous_3)","line":47,"loc":{"start":{"line":47,"column":31},"end":{"line":47,"column":43}}},"4":{"name":"(anonymous_4)","line":50,"loc":{"start":{"line":50,"column":9},"end":{"line":50,"column":21}}},"5":{"name":"(anonymous_5)","line":53,"loc":{"start":{"line":53,"column":9},"end":{"line":53,"column":25}}}},"statementMap":{"1":{"start":{"line":1,"column":0},"end":{"line":1,"column":23}},"2":{"start":{"line":2,"column":0},"end":{"line":2,"column":27}},"3":{"start":{"line":3,"column":0},"end":{"line":3,"column":31}},"4":{"start":{"line":4,"column":0},"end":{"line":4,"column":55}},"5":{"start":{"line":5,"column":0},"end":{"line":5,"column":33}},"6":{"start":{"line":6,"column":0},"end":{"line":6,"column":35}},"7":{"start":{"line":8,"column":0},"end":{"line":8,"column":68}},"8":{"start":{"line":9,"column":0},"end":{"line":9,"column":58}},"9":{"start":{"line":11,"column":0},"end":{"line":22,"column":1}},"10":{"start":{"line":13,"column":1},"end":{"line":15,"column":2}},"11":{"start":{"line":14,"column":2},"end":{"line":14,"column":75}},"12":{"start":{"line":17,"column":1},"end":{"line":17,"column":48}},"13":{"start":{"line":19,"column":1},"end":{"line":19,"column":28}},"14":{"start":{"line":20,"column":1},"end":{"line":20,"column":30}},"15":{"start":{"line":21,"column":1},"end":{"line":21,"column":30}},"16":{"start":{"line":24,"column":0},"end":{"line":59,"column":2}},"17":{"start":{"line":26,"column":1},"end":{"line":33,"column":15}},"18":{"start":{"line":36,"column":1},"end":{"line":36,"column":54}},"19":{"start":{"line":37,"column":1},"end":{"line":37,"column":48}},"20":{"start":{"line":40,"column":1},"end":{"line":40,"column":35}},"21":{"start":{"line":41,"column":1},"end":{"line":41,"column":52}},"22":{"start":{"line":42,"column":1},"end":{"line":42,"column":54}},"23":{"start":{"line":45,"column":1},"end":{"line":45,"column":56}},"24":{"start":{"line":47,"column":1},"end":{"line":58,"column":15}},"25":{"start":{"line":48,"column":2},"end":{"line":48,"column":39}},"26":{"start":{"line":51,"column":2},"end":{"line":51,"column":35}},"27":{"start":{"line":54,"column":2},"end":{"line":54,"column":83}},"28":{"start":{"line":56,"column":2},"end":{"line":56,"column":57}},"29":{"start":{"line":61,"column":0},"end":{"line":61,"column":34}}},"branchMap":{"1":{"line":13,"type":"if","locations":[{"start":{"line":13,"column":1},"end":{"line":13,"column":1}},{"start":{"line":13,"column":1},"end":{"line":13,"column":1}}]},"2":{"line":21,"type":"binary-expr","locations":[{"start":{"line":21,"column":16},"end":{"line":21,"column":23}},{"start":{"line":21,"column":27},"end":{"line":21,"column":29}}]},"3":{"line":54,"type":"binary-expr","locations":[{"start":{"line":54,"column":47},"end":{"line":54,"column":70}},{"start":{"line":54,"column":74},"end":{"line":54,"column":81}}]}}}}