TN:
SF:/Users/erz/code/marcelerz/broccoli-istanbul/index.js
FNF:0
FNH:0
DA:1,1
LF:1
LH:1
BRF:0
BRH:0
end_of_record
TN:
SF:/Users/erz/code/marcelerz/broccoli-istanbul/lib/compiler.js
FN:11,IstanbulCompiler
FN:24,(anonymous_2)
FN:47,(anonymous_3)
FN:50,(anonymous_4)
FN:53,(anonymous_5)
FNF:5
FNH:5
FNDA:4,IstanbulCompiler
FNDA:2,(anonymous_2)
FNDA:2,(anonymous_3)
FNDA:2,(anonymous_4)
FNDA:2,(anonymous_5)
DA:1,1
DA:2,1
DA:3,1
DA:4,1
DA:5,1
DA:6,1
DA:8,1
DA:9,1
DA:11,1
DA:13,4
DA:14,2
DA:17,2
DA:19,2
DA:20,2
DA:21,2
DA:24,1
DA:26,2
DA:36,2
DA:37,2
DA:40,2
DA:41,2
DA:42,2
DA:45,2
DA:47,2
DA:48,2
DA:51,2
DA:54,2
DA:56,2
DA:61,1
LF:29
LH:29
BRDA:13,1,0,2
BRDA:13,1,1,2
BRDA:21,2,0,2
BRDA:21,2,1,1
BRDA:54,3,0,2
BRDA:54,3,1,1
BRF:6
BRH:6
end_of_record
